<?xml version="1.0" encoding="UTF-8"?>
<testng-results ignored="0" total="8" passed="8" failed="0" skipped="0">
  <reporter-output>
  </reporter-output>
  <suite started-at="2023-09-29T13:21:16 IST" name="Default suite" finished-at="2023-09-29T13:21:29 IST" duration-ms="12584">
    <groups>
    </groups>
    <test started-at="2023-09-29T13:21:16 IST" name="Default test" finished-at="2023-09-29T13:21:29 IST" duration-ms="12584">
      <class name="tests.FirstTest">
        <test-method signature="testAuthentication()[pri:1, instance:tests.FirstTest@7ef2d7a6]" started-at="2023-09-29T13:21:16 IST" name="testAuthentication" finished-at="2023-09-29T13:21:20 IST" duration-ms="3466" status="PASS">
          <reporter-output>
          </reporter-output>
        </test-method> <!-- testAuthentication -->
        <test-method signature="createBookingTest()[pri:2, instance:tests.FirstTest@7ef2d7a6]" started-at="2023-09-29T13:21:20 IST" name="createBookingTest" finished-at="2023-09-29T13:21:21 IST" duration-ms="1591" status="PASS">
          <reporter-output>
          </reporter-output>
        </test-method> <!-- createBookingTest -->
        <test-method signature="updateBookingTest()[pri:3, instance:tests.FirstTest@7ef2d7a6]" started-at="2023-09-29T13:21:21 IST" name="updateBookingTest" finished-at="2023-09-29T13:21:23 IST" duration-ms="1310" status="PASS">
          <reporter-output>
          </reporter-output>
        </test-method> <!-- updateBookingTest -->
        <test-method signature="getBookingTest()[pri:4, instance:tests.FirstTest@7ef2d7a6]" started-at="2023-09-29T13:21:23 IST" name="getBookingTest" finished-at="2023-09-29T13:21:24 IST" duration-ms="1352" status="PASS">
          <reporter-output>
          </reporter-output>
        </test-method> <!-- getBookingTest -->
      </class> <!-- tests.FirstTest -->
      <class name="tests.SecondTest">
        <test-method signature="testAuthentication()[pri:1, instance:tests.SecondTest@5dcbb60]" started-at="2023-09-29T13:21:24 IST" name="testAuthentication" finished-at="2023-09-29T13:21:25 IST" duration-ms="1193" status="PASS">
          <reporter-output>
          </reporter-output>
        </test-method> <!-- testAuthentication -->
        <test-method signature="createBookingTest()[pri:2, instance:tests.SecondTest@5dcbb60]" started-at="2023-09-29T13:21:25 IST" name="createBookingTest" finished-at="2023-09-29T13:21:26 IST" duration-ms="1189" status="PASS">
          <reporter-output>
          </reporter-output>
        </test-method> <!-- createBookingTest -->
        <test-method signature="patchBookingTest()[pri:3, instance:tests.SecondTest@5dcbb60]" started-at="2023-09-29T13:21:26 IST" name="patchBookingTest" finished-at="2023-09-29T13:21:28 IST" duration-ms="1174" status="PASS">
          <reporter-output>
          </reporter-output>
        </test-method> <!-- patchBookingTest -->
        <test-method signature="deleteBookingTest()[pri:4, instance:tests.SecondTest@5dcbb60]" started-at="2023-09-29T13:21:28 IST" name="deleteBookingTest" finished-at="2023-09-29T13:21:29 IST" duration-ms="1274" status="PASS">
          <reporter-output>
          </reporter-output>
        </test-method> <!-- deleteBookingTest -->
      </class> <!-- tests.SecondTest -->
    </test> <!-- Default test -->
  </suite> <!-- Default suite -->
</testng-results>
