<?xml version="1.0" encoding="UTF-8"?>
<!-- Generated by org.testng.reporters.JUnitXMLReporter -->
<testsuite ignored="0" hostname="IN-PG0351PR" failures="0" tests="8" name="Default test" time="12.584" errors="0" timestamp="2023-09-29T13:21:29 IST">
  <testcase classname="tests.FirstTest" name="testAuthentication" time="3.466"/>
  <testcase classname="tests.FirstTest" name="createBookingTest" time="1.591"/>
  <testcase classname="tests.FirstTest" name="updateBookingTest" time="1.31"/>
  <testcase classname="tests.FirstTest" name="getBookingTest" time="1.352"/>
  <testcase classname="tests.SecondTest" name="testAuthentication" time="1.193"/>
  <testcase classname="tests.SecondTest" name="createBookingTest" time="1.189"/>
  <testcase classname="tests.SecondTest" name="patchBookingTest" time="1.174"/>
  <testcase classname="tests.SecondTest" name="deleteBookingTest" time="1.274"/>
</testsuite> <!-- Default test -->
